#! /usr/bin/vvp
:ivl_version "10.3 (stable)";
:ivl_delay_selection "TYPICAL";
:vpi_time_precision - 9;
:vpi_module "system";
:vpi_module "vhdl_sys";
:vpi_module "v2005_math";
:vpi_module "va_math";
S_0x564e9f9ac820 .scope module, "fpadd_tb" "fpadd_tb" 2 13;
 .timescale -9 -9;
v0x564e9f9d14e0_0 .var "a", 31 0;
v0x564e9f9d15c0_0 .var "b", 31 0;
v0x564e9f9d1690_0 .var "clk", 0 0;
v0x564e9f9d1790_0 .net "done", 0 0, v0x564e9f9d0ca0_0;  1 drivers
v0x564e9f9d1860_0 .var/i "err", 31 0;
v0x564e9f9d1950_0 .var/i "i", 31 0;
v0x564e9f9d19f0_0 .var "reset", 0 0;
v0x564e9f9d1a90_0 .var "start", 0 0;
v0x564e9f9d1b60_0 .net "sum", 31 0, v0x564e9f9d1160_0;  1 drivers
v0x564e9f9d1cc0_0 .var "sumexp", 31 0;
v0x564e9f9d1d60 .array "testinputs", 11 0, 31 0;
v0x564e9f9d1e20_0 .var "timedout", 0 0;
v0x564e9f9d1ee0_0 .var/i "timer", 31 0;
v0x564e9f9d1fc0_0 .var/i "tot", 31 0;
S_0x564e9f9ac9a0 .scope module, "dut" "fpadd" 2 24, 3 8 0, S_0x564e9f9ac820;
 .timescale 0 0;
    .port_info 0 /INPUT 1 "clk"
    .port_info 1 /INPUT 1 "reset"
    .port_info 2 /INPUT 1 "start"
    .port_info 3 /INPUT 32 "a"
    .port_info 4 /INPUT 32 "b"
    .port_info 5 /OUTPUT 32 "sum"
    .port_info 6 /OUTPUT 1 "done"
v0x564e9f980090_0 .net "a", 31 0, v0x564e9f9d14e0_0;  1 drivers
v0x564e9f9d05d0_0 .var "a_exp", 7 0;
v0x564e9f9d06b0_0 .var "a_man", 23 0;
v0x564e9f9d0770_0 .var "a_sign", 0 0;
v0x564e9f9d0830_0 .net "b", 31 0, v0x564e9f9d15c0_0;  1 drivers
v0x564e9f9d0960_0 .var "b_exp", 7 0;
v0x564e9f9d0a40_0 .var "b_man", 23 0;
v0x564e9f9d0b20_0 .var "b_sign", 0 0;
v0x564e9f9d0be0_0 .net "clk", 0 0, v0x564e9f9d1690_0;  1 drivers
v0x564e9f9d0ca0_0 .var "done", 0 0;
v0x564e9f9d0d60_0 .net "reset", 0 0, v0x564e9f9d19f0_0;  1 drivers
v0x564e9f9d0e20_0 .var "s_exp", 7 0;
v0x564e9f9d0f00_0 .var "s_man_temp", 24 0;
v0x564e9f9d0fe0_0 .var "s_sign", 0 0;
v0x564e9f9d10a0_0 .net "start", 0 0, v0x564e9f9d1a90_0;  1 drivers
v0x564e9f9d1160_0 .var "sum", 31 0;
E_0x564e9f9a1f00 .event posedge, v0x564e9f9d10a0_0;
E_0x564e9f9a1390 .event posedge, v0x564e9f9d0d60_0;
S_0x564e9f9d1320 .scope task, "start_and_crank_dut" "start_and_crank_dut" 2 35, 2 35 0, S_0x564e9f9ac820;
 .timescale -9 -9;
E_0x564e9f9a1840 .event posedge, v0x564e9f9d0be0_0;
TD_fpadd_tb.start_and_crank_dut ;
    %load/vec4 v0x564e9f9d1fc0_0;
    %pushi/vec4 1, 0, 32;
    %add;
    %store/vec4 v0x564e9f9d1fc0_0, 0, 32;
    %pushi/vec4 0, 0, 32;
    %store/vec4 v0x564e9f9d1ee0_0, 0, 32;
    %pushi/vec4 1, 0, 1;
    %store/vec4 v0x564e9f9d1a90_0, 0, 1;
    %wait E_0x564e9f9a1840;
    %delay 1, 0;
    %pushi/vec4 0, 0, 1;
    %store/vec4 v0x564e9f9d1a90_0, 0, 1;
T_0.0 ;
    %load/vec4 v0x564e9f9d1790_0;
    %pad/u 32;
    %pushi/vec4 0, 0, 32;
    %cmp/e;
    %flag_get/vec4 4;
    %load/vec4 v0x564e9f9d1ee0_0;
    %cmpi/s 100, 0, 32;
    %flag_get/vec4 5;
    %and;
    %flag_set/vec4 8;
    %jmp/0xz T_0.1, 8;
    %wait E_0x564e9f9a1840;
    %load/vec4 v0x564e9f9d1ee0_0;
    %pushi/vec4 1, 0, 32;
    %add;
    %store/vec4 v0x564e9f9d1ee0_0, 0, 32;
    %jmp T_0.0;
T_0.1 ;
    %load/vec4 v0x564e9f9d1ee0_0;
    %cmpi/e 100, 0, 32;
    %jmp/0xz  T_0.2, 4;
    %vpi_call 2 51 "$display", "Timed out" {0 0 0};
    %pushi/vec4 1, 0, 1;
    %store/vec4 v0x564e9f9d1e20_0, 0, 1;
    %jmp T_0.3;
T_0.2 ;
    %load/vec4 v0x564e9f9d1b60_0;
    %load/vec4 v0x564e9f9d1cc0_0;
    %cmp/ne;
    %jmp/0xz  T_0.4, 6;
    %load/vec4 v0x564e9f9d1860_0;
    %pushi/vec4 1, 0, 32;
    %add;
    %store/vec4 v0x564e9f9d1860_0, 0, 32;
    %vpi_call 2 55 "$display", $time, " a = %X, b = %X, sum = %X, expected sum = %X", v0x564e9f9d14e0_0, v0x564e9f9d15c0_0, v0x564e9f9d1b60_0, v0x564e9f9d1cc0_0 {0 0 0};
T_0.4 ;
T_0.3 ;
    %end;
    .scope S_0x564e9f9ac9a0;
T_1 ;
    %wait E_0x564e9f9a1390;
    %pushi/vec4 0, 0, 1;
    %cassign/vec4 v0x564e9f9d0ca0_0;
    %pushi/vec4 0, 0, 32;
    %cassign/vec4 v0x564e9f9d1160_0;
    %jmp T_1;
    .thread T_1;
    .scope S_0x564e9f9ac9a0;
T_2 ;
    %wait E_0x564e9f9a1f00;
    %load/vec4 v0x564e9f980090_0;
    %parti/s 1, 31, 6;
    %assign/vec4 v0x564e9f9d0770_0, 0;
    %load/vec4 v0x564e9f9d0830_0;
    %parti/s 1, 31, 6;
    %assign/vec4 v0x564e9f9d0b20_0, 0;
    %load/vec4 v0x564e9f980090_0;
    %parti/s 8, 23, 6;
    %assign/vec4 v0x564e9f9d05d0_0, 0;
    %load/vec4 v0x564e9f9d0830_0;
    %parti/s 8, 23, 6;
    %assign/vec4 v0x564e9f9d0960_0, 0;
    %pushi/vec4 1, 0, 1;
    %load/vec4 v0x564e9f980090_0;
    %parti/s 23, 0, 2;
    %concat/vec4; draw_concat_vec4
    %assign/vec4 v0x564e9f9d06b0_0, 0;
    %pushi/vec4 1, 0, 1;
    %load/vec4 v0x564e9f9d0830_0;
    %parti/s 23, 0, 2;
    %concat/vec4; draw_concat_vec4
    %assign/vec4 v0x564e9f9d0a40_0, 0;
    %load/vec4 v0x564e9f9d05d0_0;
    %pad/u 32;
    %pushi/vec4 0, 0, 32;
    %cmp/e;
    %flag_get/vec4 4;
    %load/vec4 v0x564e9f9d06b0_0;
    %pad/u 32;
    %pushi/vec4 0, 0, 32;
    %cmp/e;
    %flag_get/vec4 4;
    %and;
    %flag_set/vec4 8;
    %jmp/0xz  T_2.0, 8;
    %load/vec4 v0x564e9f9d0830_0;
    %assign/vec4 v0x564e9f9d1160_0, 0;
    %pushi/vec4 1, 0, 1;
    %cassign/vec4 v0x564e9f9d0ca0_0;
    %jmp T_2.1;
T_2.0 ;
    %load/vec4 v0x564e9f9d0960_0;
    %pad/u 32;
    %pushi/vec4 0, 0, 32;
    %cmp/e;
    %flag_get/vec4 4;
    %load/vec4 v0x564e9f9d0a40_0;
    %pad/u 32;
    %pushi/vec4 0, 0, 32;
    %cmp/e;
    %flag_get/vec4 4;
    %and;
    %flag_set/vec4 8;
    %jmp/0xz  T_2.2, 8;
    %load/vec4 v0x564e9f980090_0;
    %assign/vec4 v0x564e9f9d1160_0, 0;
    %pushi/vec4 1, 0, 1;
    %cassign/vec4 v0x564e9f9d0ca0_0;
    %jmp T_2.3;
T_2.2 ;
    %load/vec4 v0x564e9f9d05d0_0;
    %cmpi/e 255, 0, 8;
    %jmp/0xz  T_2.4, 4;
    %load/vec4 v0x564e9f980090_0;
    %assign/vec4 v0x564e9f9d1160_0, 0;
    %pushi/vec4 1, 0, 1;
    %cassign/vec4 v0x564e9f9d0ca0_0;
    %jmp T_2.5;
T_2.4 ;
    %load/vec4 v0x564e9f9d0960_0;
    %cmpi/e 255, 0, 8;
    %jmp/0xz  T_2.6, 4;
    %load/vec4 v0x564e9f9d0830_0;
    %assign/vec4 v0x564e9f9d1160_0, 0;
    %pushi/vec4 1, 0, 1;
    %cassign/vec4 v0x564e9f9d0ca0_0;
T_2.6 ;
T_2.5 ;
T_2.3 ;
T_2.1 ;
    %load/vec4 v0x564e9f9d0ca0_0;
    %nor/r;
    %flag_set/vec4 8;
    %jmp/0xz  T_2.8, 8;
    %load/vec4 v0x564e9f9d0770_0;
    %flag_set/vec4 8;
    %jmp/0xz  T_2.10, 8;
    %load/vec4 v0x564e9f9d06b0_0;
    %inv;
    %addi 1, 0, 24;
    %assign/vec4 v0x564e9f9d06b0_0, 0;
T_2.10 ;
    %load/vec4 v0x564e9f9d0b20_0;
    %flag_set/vec4 8;
    %jmp/0xz  T_2.12, 8;
    %load/vec4 v0x564e9f9d0a40_0;
    %inv;
    %addi 1, 0, 24;
    %assign/vec4 v0x564e9f9d0a40_0, 0;
T_2.12 ;
    %load/vec4 v0x564e9f9d05d0_0;
    %load/vec4 v0x564e9f9d0960_0;
    %cmp/u;
    %jmp/0xz  T_2.14, 5;
    %load/vec4 v0x564e9f9d0960_0;
    %assign/vec4 v0x564e9f9d0e20_0, 0;
    %load/vec4 v0x564e9f9d06b0_0;
    %load/vec4 v0x564e9f9d0960_0;
    %load/vec4 v0x564e9f9d05d0_0;
    %sub;
    %ix/vec4 4;
    %shiftr 4;
    %assign/vec4 v0x564e9f9d06b0_0, 0;
    %load/vec4 v0x564e9f9d0960_0;
    %assign/vec4 v0x564e9f9d05d0_0, 0;
T_2.14 ;
    %load/vec4 v0x564e9f9d0960_0;
    %load/vec4 v0x564e9f9d05d0_0;
    %cmp/u;
    %jmp/0xz  T_2.16, 5;
    %load/vec4 v0x564e9f9d05d0_0;
    %assign/vec4 v0x564e9f9d0e20_0, 0;
    %load/vec4 v0x564e9f9d0a40_0;
    %load/vec4 v0x564e9f9d05d0_0;
    %load/vec4 v0x564e9f9d0960_0;
    %sub;
    %ix/vec4 4;
    %shiftr 4;
    %assign/vec4 v0x564e9f9d0a40_0, 0;
    %load/vec4 v0x564e9f9d05d0_0;
    %assign/vec4 v0x564e9f9d0960_0, 0;
T_2.16 ;
    %load/vec4 v0x564e9f9d05d0_0;
    %load/vec4 v0x564e9f9d0960_0;
    %cmp/e;
    %jmp/0xz  T_2.18, 4;
    %load/vec4 v0x564e9f9d05d0_0;
    %assign/vec4 v0x564e9f9d0e20_0, 0;
T_2.18 ;
    %load/vec4 v0x564e9f9d06b0_0;
    %pad/u 25;
    %load/vec4 v0x564e9f9d0a40_0;
    %pad/u 25;
    %add;
    %assign/vec4 v0x564e9f9d0f00_0, 0;
    %load/vec4 v0x564e9f9d0f00_0;
    %pad/u 32;
    %cmpi/u 0, 0, 32;
    %jmp/0xz  T_2.20, 5;
    %pushi/vec4 1, 0, 1;
    %assign/vec4 v0x564e9f9d0fe0_0, 0;
    %load/vec4 v0x564e9f9d0f00_0;
    %inv;
    %addi 1, 0, 25;
    %assign/vec4 v0x564e9f9d0f00_0, 0;
    %jmp T_2.21;
T_2.20 ;
    %pushi/vec4 0, 0, 1;
    %assign/vec4 v0x564e9f9d0fe0_0, 0;
T_2.21 ;
    %load/vec4 v0x564e9f9d0f00_0;
    %parti/s 1, 24, 6;
    %pad/u 32;
    %pushi/vec4 0, 0, 32;
    %cmp/e;
    %flag_get/vec4 4;
    %load/vec4 v0x564e9f9d0f00_0;
    %parti/s 1, 23, 6;
    %pad/u 32;
    %pushi/vec4 1, 0, 32;
    %cmp/e;
    %flag_get/vec4 4;
    %and;
    %flag_set/vec4 8;
    %jmp/0xz  T_2.22, 8;
    %jmp T_2.23;
T_2.22 ;
    %load/vec4 v0x564e9f9d0f00_0;
    %parti/s 1, 24, 6;
    %flag_set/vec4 8;
    %jmp/0xz  T_2.24, 8;
    %load/vec4 v0x564e9f9d0f00_0;
    %ix/load 4, 1, 0;
    %flag_set/imm 4, 0;
    %shiftr 4;
    %assign/vec4 v0x564e9f9d0f00_0, 0;
    %load/vec4 v0x564e9f9d0e20_0;
    %addi 1, 0, 8;
    %assign/vec4 v0x564e9f9d0e20_0, 0;
    %jmp T_2.25;
T_2.24 ;
T_2.26 ;
    %load/vec4 v0x564e9f9d0f00_0;
    %parti/s 1, 23, 6;
    %pad/u 32;
    %cmpi/ne 1, 0, 32;
    %jmp/0xz T_2.27, 4;
    %load/vec4 v0x564e9f9d0f00_0;
    %ix/load 4, 1, 0;
    %flag_set/imm 4, 0;
    %shiftl 4;
    %assign/vec4 v0x564e9f9d0f00_0, 0;
    %load/vec4 v0x564e9f9d0e20_0;
    %subi 1, 0, 8;
    %assign/vec4 v0x564e9f9d0e20_0, 0;
    %jmp T_2.26;
T_2.27 ;
T_2.25 ;
T_2.23 ;
    %load/vec4 v0x564e9f9d0fe0_0;
    %load/vec4 v0x564e9f9d0e20_0;
    %concat/vec4; draw_concat_vec4
    %load/vec4 v0x564e9f9d0f00_0;
    %parti/s 23, 0, 2;
    %concat/vec4; draw_concat_vec4
    %store/vec4 v0x564e9f9d1160_0, 0, 32;
    %pushi/vec4 1, 0, 1;
    %assign/vec4 v0x564e9f9d0ca0_0, 0;
T_2.8 ;
    %jmp T_2;
    .thread T_2;
    .scope S_0x564e9f9ac820;
T_3 ;
    %delay 5, 0;
    %load/vec4 v0x564e9f9d1690_0;
    %nor/r;
    %store/vec4 v0x564e9f9d1690_0, 0, 1;
    %jmp T_3;
    .thread T_3;
    .scope S_0x564e9f9ac820;
T_4 ;
    %pushi/vec4 1, 0, 1;
    %store/vec4 v0x564e9f9d1690_0, 0, 1;
    %pushi/vec4 0, 0, 32;
    %store/vec4 v0x564e9f9d1fc0_0, 0, 32;
    %pushi/vec4 0, 0, 32;
    %store/vec4 v0x564e9f9d1860_0, 0, 32;
    %pushi/vec4 0, 0, 1;
    %store/vec4 v0x564e9f9d1e20_0, 0, 1;
    %pushi/vec4 1, 0, 1;
    %store/vec4 v0x564e9f9d19f0_0, 0, 1;
    %delay 100, 0;
    %pushi/vec4 0, 0, 1;
    %store/vec4 v0x564e9f9d19f0_0, 0, 1;
    %vpi_call 2 71 "$readmemh", "vtest.dat", v0x564e9f9d1d60 {0 0 0};
    %pushi/vec4 0, 0, 32;
    %store/vec4 v0x564e9f9d1950_0, 0, 32;
T_4.0 ;
    %load/vec4 v0x564e9f9d1950_0;
    %cmpi/s 4, 0, 32;
    %jmp/0xz T_4.1, 5;
    %load/vec4 v0x564e9f9d1950_0;
    %pad/s 64;
    %muli 3, 0, 64;
    %ix/vec4/s 4;
    %load/vec4a v0x564e9f9d1d60, 4;
    %store/vec4 v0x564e9f9d14e0_0, 0, 32;
    %load/vec4 v0x564e9f9d1950_0;
    %pad/s 65;
    %muli 3, 0, 65;
    %addi 1, 0, 65;
    %ix/vec4/s 4;
    %load/vec4a v0x564e9f9d1d60, 4;
    %store/vec4 v0x564e9f9d15c0_0, 0, 32;
    %load/vec4 v0x564e9f9d1950_0;
    %pad/s 65;
    %muli 3, 0, 65;
    %addi 2, 0, 65;
    %ix/vec4/s 4;
    %load/vec4a v0x564e9f9d1d60, 4;
    %store/vec4 v0x564e9f9d1cc0_0, 0, 32;
    %fork TD_fpadd_tb.start_and_crank_dut, S_0x564e9f9d1320;
    %join;
    %load/vec4 v0x564e9f9d1950_0;
    %addi 1, 0, 32;
    %store/vec4 v0x564e9f9d1950_0, 0, 32;
    %jmp T_4.0;
T_4.1 ;
    %pushi/vec4 0, 0, 32;
    %load/vec4 v0x564e9f9d1860_0;
    %cmp/s;
    %jmp/0xz  T_4.2, 5;
    %vpi_call 2 82 "$display", "FAILED %d out of %d", v0x564e9f9d1860_0, v0x564e9f9d1fc0_0 {0 0 0};
    %jmp T_4.3;
T_4.2 ;
    %load/vec4 v0x564e9f9d1e20_0;
    %pad/u 32;
    %cmpi/e 1, 0, 32;
    %jmp/0xz  T_4.4, 6;
    %vpi_call 2 84 "$display", "FAILED due to TIMEOUT" {0 0 0};
    %jmp T_4.5;
T_4.4 ;
    %vpi_call 2 86 "$display", "PASS" {0 0 0};
T_4.5 ;
T_4.3 ;
    %vpi_call 2 89 "$finish" {0 0 0};
    %end;
    .thread T_4;
# The file index is used to find the file name in the following table.
:file_names 4;
    "N/A";
    "<interactive>";
    "fp_adder_tb.v";
    "fp_adder.v";
